app/build/outputs/logs/manifest-merger-debug-report.txt
-- Merging decision tree log ---
manifest
ADDED from src\main\AndroidManifest.xml:2:1-479:12
INJECTED from src\main\AndroidManifest.xml:2:1-479:12
INJECTED from src\main\AndroidManifest.xml:2:1-479:12
INJECTED from src\main\AndroidManifest.xml:2:1-479:12
MERGED from [com.github.santalu:mask-edittext:1.1.1] AndroidManifest.xml:2:1-13:12
MERGED from [com.karumi:dexter:6.2.3] AndroidManifest.xml:17:1-32:12
MERGED from [com.google.android.material:material:1.7.0] AndroidManifest.xml:17:1-26:12
MERGED from [androidx.constraintlayout:constraintlayout:2.1.4] AndroidManifest.xml:2:1-11:12
MERGED from [androidx.appcompat:appcompat-resources:1.5.1] AndroidManifest.xml:17:1-22:12
MERGED from [androidx.appcompat:appcompat:1.5.1] AndroidManifest.xml:17:1-22:12
MERGED from [de.hdodenhof:circleimageview:3.1.0] AndroidManifest.xml:2:1-11:12
MERGED from [com.android.volley:volley:1.2.1] AndroidManifest.xml:2:1-7:12
MERGED from [com.github.bumptech.glide:glide:4.13.2] AndroidManifest.xml:2:1-12:12
MERGED from [androidx.viewpager2:viewpager2:1.0.0] AndroidManifest.xml:17:1-24:12
MERGED from [androidx.fragment:fragment:1.3.6] AndroidManifest.xml:17:1-24:12
MERGED from [androidx.activity:activity:1.5.1] AndroidManifest.xml:17:1-24:12
MERGED from [androidx.dynamicanimation:dynamicanimation:1.0.0] AndroidManifest.xml:17:1-22:12
MERGED from [androidx.legacy:legacy-support-core-utils:1.0.0] AndroidManifest.xml:17:1-22:12
MERGED from [androidx.loader:loader:1.0.0] AndroidManifest.xml:17:1-22:12
MERGED from [androidx.lifecycle:lifecycle-viewmodel:2.5.1] AndroidManifest.xml:17:1-24:12
MERGED from [androidx.lifecycle:lifecycle-viewmodel-savedstate:2.5.1] AndroidManifest.xml:17:1-24:12
MERGED from [androidx.core:core-ktx:1.8.0] AndroidManifest.xml:2:1-9:12
MERGED from [androidx.emoji2:emoji2-views-helper:1.2.0] AndroidManifest.xml:2:1-7:12
MERGED from [androidx.emoji2:emoji2:1.2.0] AndroidManifest.xml:17:1-35:12
MERGED from [androidx.drawerlayout:drawerlayout:1.1.1] AndroidManifest.xml:17:1-24:12
MERGED from [androidx.coordinatorlayout:coordinatorlayout:1.1.0] AndroidManifest.xml:17:1-24:12
MERGED from [androidx.transition:transition:1.2.0] AndroidManifest.xml:17:1-24:12
MERGED from [androidx.vectordrawable:vectordrawable-animated:1.1.0] AndroidManifest.xml:17:1-24:12
MERGED from [androidx.vectordrawable:vectordrawable:1.1.0] AndroidManifest.xml:17:1-24:12
MERGED from [androidx.viewpager:viewpager:1.0.0] AndroidManifest.xml:17:1-22:12
MERGED from [androidx.recyclerview:recyclerview:1.1.0] AndroidManifest.xml:17:1-24:12
MERGED from [androidx.customview:customview:1.1.0] AndroidManifest.xml:17:1-24:12
MERGED from [androidx.core:core:1.8.0] AndroidManifest.xml:17:1-26:12
MERGED from [androidx.cursoradapter:cursoradapter:1.0.0] AndroidManifest.xml:17:1-22:12
MERGED from [androidx.lifecycle:lifecycle-process:2.4.1] AndroidManifest.xml:17:1-37:12
MERGED from [androidx.lifecycle:lifecycle-runtime:2.5.1] AndroidManifest.xml:17:1-24:12
MERGED from [androidx.savedstate:savedstate:1.2.0] AndroidManifest.xml:17:1-24:12
MERGED from [androidx.cardview:cardview:1.0.0] AndroidManifest.xml:17:1-22:12
MERGED from [com.github.bumptech.glide:gifdecoder:4.13.2] AndroidManifest.xml:2:1-11:12
MERGED from [androidx.exifinterface:exifinterface:1.2.0] AndroidManifest.xml:17:1-24:12
MERGED from [androidx.startup:startup-runtime:1.1.1] AndroidManifest.xml:17:1-33:12
MERGED from [androidx.tracing:tracing:1.0.0] AndroidManifest.xml:17:1-24:12
MERGED from [androidx.versionedparcelable:versionedparcelable:1.1.1] AndroidManifest.xml:17:1-27:12
MERGED from [androidx.lifecycle:lifecycle-livedata:2.0.0] AndroidManifest.xml:17:1-22:12
MERGED from [androidx.lifecycle:lifecycle-livedata-core:2.5.1] AndroidManifest.xml:17:1-24:12
MERGED from [androidx.arch.core:core-runtime:2.1.0] AndroidManifest.xml:17:1-24:12
MERGED from [androidx.interpolator:interpolator:1.0.0] AndroidManifest.xml:17:1-22:12
MERGED from [androidx.documentfile:documentfile:1.0.0] AndroidManifest.xml:17:1-22:12
MERGED from [androidx.localbroadcastmanager:localbroadcastmanager:1.0.0] AndroidManifest.xml:17:1-22:12
MERGED from [androidx.print:print:1.0.0] AndroidManifest.xml:17:1-22:12
MERGED from [androidx.annotation:annotation-experimental:1.1.0] AndroidManifest.xml:17:1-24:12
INJECTED from src\main\AndroidManifest.xml:2:1-479:12
INJECTED from src\main\AndroidManifest.xml:2:1-479:12
INJECTED from src\main\AndroidManifest.xml:2:1-479:12
	package
		INJECTED from src\main\AndroidManifest.xml
		ADDED from src\main\AndroidManifest.xml:2:1-479:12
		INJECTED from src\main\AndroidManifest.xml
	android:versionName
		INJECTED from src\main\AndroidManifest.xml
		ADDED from src\main\AndroidManifest.xml:2:1-479:12
		INJECTED from src\main\AndroidManifest.xml
	xmlns:tools
		ADDED from src\main\AndroidManifest.xml:3:5-51
	android:versionCode
		INJECTED from src\main\AndroidManifest.xml
		ADDED from src\main\AndroidManifest.xml:2:1-479:12
		INJECTED from src\main\AndroidManifest.xml
	xmlns:android
		ADDED from src\main\AndroidManifest.xml:2:11-69
uses-permission#android.permission.VIBRATE
ADDED from src\main\AndroidManifest.xml:5:5-66
	android:name
		ADDED from src\main\AndroidManifest.xml:5:22-63
uses-permission#android.permission.INTERNET
ADDED from src\main\AndroidManifest.xml:6:5-67
	android:name
		ADDED from src\main\AndroidManifest.xml:6:22-64
uses-permission#android.permission.WRITE_EXTERNAL_STORAGE
ADDED from src\main\AndroidManifest.xml:7:5-81
	android:name
		ADDED from src\main\AndroidManifest.xml:7:22-78
uses-permission#android.permission.READ_EXTERNAL_STORAGE
ADDED from src\main\AndroidManifest.xml:8:5-80
	android:name
		ADDED from src\main\AndroidManifest.xml:8:22-77
uses-permission#android.permission.CAMERA
ADDED from src\main\AndroidManifest.xml:9:5-65
	android:name
		ADDED from src\main\AndroidManifest.xml:9:22-62
application
ADDED from src\main\AndroidManifest.xml:11:5-477:19
MERGED from [com.github.santalu:mask-edittext:1.1.1] AndroidManifest.xml:11:5-20
MERGED from [com.github.santalu:mask-edittext:1.1.1] AndroidManifest.xml:11:5-20
MERGED from [com.karumi:dexter:6.2.3] AndroidManifest.xml:26:5-30:19
MERGED from [com.karumi:dexter:6.2.3] AndroidManifest.xml:26:5-30:19
MERGED from [com.google.android.material:material:1.7.0] AndroidManifest.xml:24:5-20
MERGED from [com.google.android.material:material:1.7.0] AndroidManifest.xml:24:5-20
MERGED from [androidx.constraintlayout:constraintlayout:2.1.4] AndroidManifest.xml:9:5-20
MERGED from [androidx.constraintlayout:constraintlayout:2.1.4] AndroidManifest.xml:9:5-20
MERGED from [de.hdodenhof:circleimageview:3.1.0] AndroidManifest.xml:9:5-20
MERGED from [de.hdodenhof:circleimageview:3.1.0] AndroidManifest.xml:9:5-20
MERGED from [com.github.bumptech.glide:glide:4.13.2] AndroidManifest.xml:10:5-20
MERGED from [com.github.bumptech.glide:glide:4.13.2] AndroidManifest.xml:10:5-20
MERGED from [androidx.emoji2:emoji2:1.2.0] AndroidManifest.xml:23:5-33:19
MERGED from [androidx.emoji2:emoji2:1.2.0] AndroidManifest.xml:23:5-33:19
MERGED from [androidx.core:core:1.8.0] AndroidManifest.xml:24:5-89
MERGED from [androidx.core:core:1.8.0] AndroidManifest.xml:24:5-89
MERGED from [androidx.lifecycle:lifecycle-process:2.4.1] AndroidManifest.xml:25:5-35:19
MERGED from [androidx.lifecycle:lifecycle-process:2.4.1] AndroidManifest.xml:25:5-35:19
MERGED from [com.github.bumptech.glide:gifdecoder:4.13.2] AndroidManifest.xml:9:5-20
MERGED from [com.github.bumptech.glide:gifdecoder:4.13.2] AndroidManifest.xml:9:5-20
MERGED from [androidx.startup:startup-runtime:1.1.1] AndroidManifest.xml:25:5-31:19
MERGED from [androidx.startup:startup-runtime:1.1.1] AndroidManifest.xml:25:5-31:19
MERGED from [androidx.versionedparcelable:versionedparcelable:1.1.1] AndroidManifest.xml:24:5-25:19
MERGED from [androidx.versionedparcelable:versionedparcelable:1.1.1] AndroidManifest.xml:24:5-25:19
	android:appComponentFactory
		ADDED from [androidx.core:core:1.8.0] AndroidManifest.xml:24:18-86
	android:supportsRtl
		ADDED from src\main\AndroidManifest.xml:18:9-35
	android:label
		ADDED from src\main\AndroidManifest.xml:16:9-41
	android:fullBackupContent
		ADDED from src\main\AndroidManifest.xml:14:9-54
	android:roundIcon
		ADDED from src\main\AndroidManifest.xml:17:9-42
	tools:targetApi
		ADDED from src\main\AndroidManifest.xml:21:9-29
	android:icon
		ADDED from src\main\AndroidManifest.xml:15:9-37
	android:allowBackup
		ADDED from src\main\AndroidManifest.xml:12:9-35
	android:theme
		ADDED from src\main\AndroidManifest.xml:19:9-40
	android:dataExtractionRules
		ADDED from src\main\AndroidManifest.xml:13:9-65
	android:usesCleartextTraffic
		ADDED from src\main\AndroidManifest.xml:20:9-44
activity#com.example.kenbro.Customer.ServRece
ADDED from src\main\AndroidManifest.xml:22:9-29:20
	android:parentActivityName
		ADDED from src\main\AndroidManifest.xml:25:13-62
	android:exported
		ADDED from src\main\AndroidManifest.xml:24:13-37
	android:name
		ADDED from src\main\AndroidManifest.xml:23:13-46
meta-data#android.app.lib_name
ADDED from src\main\AndroidManifest.xml:26:13-28:36
	android:value
		ADDED from src\main\AndroidManifest.xml:28:17-33
	android:name
		ADDED from src\main\AndroidManifest.xml:27:17-52
activity#com.example.kenbro.Install.MyMess
ADDED from src\main\AndroidManifest.xml:30:9-37:20
	android:parentActivityName
		ADDED from src\main\AndroidManifest.xml:33:13-62
	android:exported
		ADDED from src\main\AndroidManifest.xml:32:13-37
	android:name
		ADDED from src\main\AndroidManifest.xml:31:13-43
activity#com.example.kenbro.Invent.PastSup
ADDED from src\main\AndroidManifest.xml:38:9-45:20
	android:parentActivityName
		ADDED from src\main\AndroidManifest.xml:41:13-59
	android:exported
		ADDED from src\main\AndroidManifest.xml:40:13-37
	android:name
		ADDED from src\main\AndroidManifest.xml:39:13-43
activity#com.example.kenbro.Supplier.OldTender
ADDED from src\main\AndroidManifest.xml:46:9-53:20
	android:parentActivityName
		ADDED from src\main\AndroidManifest.xml:49:13-59
	android:exported
		ADDED from src\main\AndroidManifest.xml:48:13-37
	android:name
		ADDED from src\main\AndroidManifest.xml:47:13-47
activity#com.example.kenbro.Customer.Delivery
ADDED from src\main\AndroidManifest.xml:54:9-61:20
	android:parentActivityName
		ADDED from src\main\AndroidManifest.xml:57:13-60
	android:exported
		ADDED from src\main\AndroidManifest.xml:56:13-37
	android:name
		ADDED from src\main\AndroidManifest.xml:55:13-46
activity#com.example.kenbro.Driver.NewDrive
ADDED from src\main\AndroidManifest.xml:62:9-69:20
	android:parentActivityName
		ADDED from src\main\AndroidManifest.xml:65:13-60
	android:exported
		ADDED from src\main\AndroidManifest.xml:64:13-37
	android:name
		ADDED from src\main\AndroidManifest.xml:63:13-44
activity#com.example.kenbro.Dispa.DispHome
ADDED from src\main\AndroidManifest.xml:70:9-77:20
	android:parentActivityName
		ADDED from src\main\AndroidManifest.xml:73:13-55
	android:exported
		ADDED from src\main\AndroidManifest.xml:72:13-37
	android:name
		ADDED from src\main\AndroidManifest.xml:71:13-43
activity#com.example.kenbro.Dispa.DispReset
ADDED from src\main\AndroidManifest.xml:78:9-85:20
	android:parentActivityName
		ADDED from src\main\AndroidManifest.xml:81:13-55
	android:exported
		ADDED from src\main\AndroidManifest.xml:80:13-37
	android:name
		ADDED from src\main\AndroidManifest.xml:79:13-44
activity#com.example.kenbro.Dispa.DispReg
ADDED from src\main\AndroidManifest.xml:86:9-93:20
	android:parentActivityName
		ADDED from src\main\AndroidManifest.xml:89:13-55
	android:exported
		ADDED from src\main\AndroidManifest.xml:88:13-37
	android:name
		ADDED from src\main\AndroidManifest.xml:87:13-42
activity#com.example.kenbro.Dispa.DisLog
ADDED from src\main\AndroidManifest.xml:94:9-101:20
	android:parentActivityName
		ADDED from src\main\AndroidManifest.xml:97:13-55
	android:exported
		ADDED from src\main\AndroidManifest.xml:96:13-37
	android:name
		ADDED from src\main\AndroidManifest.xml:95:13-41
activity#com.example.kenbro.Customer.FinishedProj
ADDED from src\main\AndroidManifest.xml:102:9-109:20
	android:parentActivityName
		ADDED from src\main\AndroidManifest.xml:105:13-62
	android:exported
		ADDED from src\main\AndroidManifest.xml:104:13-37
	android:name
		ADDED from src\main\AndroidManifest.xml:103:13-50
activity#com.example.kenbro.Artisan.ProjeHis
ADDED from src\main\AndroidManifest.xml:110:9-117:20
	android:parentActivityName
		ADDED from src\main\AndroidManifest.xml:113:13-62
	android:exported
		ADDED from src\main\AndroidManifest.xml:112:13-37
	android:name
		ADDED from src\main\AndroidManifest.xml:111:13-45
activity#com.example.kenbro.Artisan.NewProj
ADDED from src\main\AndroidManifest.xml:118:9-125:20
	android:parentActivityName
		ADDED from src\main\AndroidManifest.xml:121:13-62
	android:exported
		ADDED from src\main\AndroidManifest.xml:120:13-37
	android:name
		ADDED from src\main\AndroidManifest.xml:119:13-44
activity#com.example.kenbro.Finance.RejServ
ADDED from src\main\AndroidManifest.xml:126:9-133:20
	android:parentActivityName
		ADDED from src\main\AndroidManifest.xml:129:13-61
	android:exported
		ADDED from src\main\AndroidManifest.xml:128:13-37
	android:name
		ADDED from src\main\AndroidManifest.xml:127:13-44
activity#com.example.kenbro.Finance.AppServ
ADDED from src\main\AndroidManifest.xml:134:9-141:20
	android:parentActivityName
		ADDED from src\main\AndroidManifest.xml:137:13-61
	android:exported
		ADDED from src\main\AndroidManifest.xml:136:13-37
	android:name
		ADDED from src\main\AndroidManifest.xml:135:13-44
activity#com.example.kenbro.Install.ComplHist
ADDED from src\main\AndroidManifest.xml:142:9-149:20
	android:parentActivityName
		ADDED from src\main\AndroidManifest.xml:145:13-62
	android:exported
		ADDED from src\main\AndroidManifest.xml:144:13-37
	android:name
		ADDED from src\main\AndroidManifest.xml:143:13-46
activity#com.example.kenbro.Install.CompletePro
ADDED from src\main\AndroidManifest.xml:150:9-157:20
	android:parentActivityName
		ADDED from src\main\AndroidManifest.xml:153:13-62
	android:exported
		ADDED from src\main\AndroidManifest.xml:152:13-37
	android:name
		ADDED from src\main\AndroidManifest.xml:151:13-48
activity#com.example.kenbro.Install.AssignHist
ADDED from src\main\AndroidManifest.xml:158:9-165:20
	android:parentActivityName
		ADDED from src\main\AndroidManifest.xml:161:13-60
	android:exported
		ADDED from src\main\AndroidManifest.xml:160:13-37
	android:name
		ADDED from src\main\AndroidManifest.xml:159:13-47
activity#com.example.kenbro.Install.AssignArt
ADDED from src\main\AndroidManifest.xml:166:9-173:20
	android:parentActivityName
		ADDED from src\main\AndroidManifest.xml:169:13-62
	android:exported
		ADDED from src\main\AndroidManifest.xml:168:13-37
	android:name
		ADDED from src\main\AndroidManifest.xml:167:13-46
activity#com.example.kenbro.Install.ServiceHist
ADDED from src\main\AndroidManifest.xml:174:9-181:20
	android:parentActivityName
		ADDED from src\main\AndroidManifest.xml:177:13-61
	android:exported
		ADDED from src\main\AndroidManifest.xml:176:13-37
	android:name
		ADDED from src\main\AndroidManifest.xml:175:13-48
activity#com.example.kenbro.Install.NewService
ADDED from src\main\AndroidManifest.xml:182:9-189:20
	android:parentActivityName
		ADDED from src\main\AndroidManifest.xml:185:13-62
	android:exported
		ADDED from src\main\AndroidManifest.xml:184:13-37
	android:name
		ADDED from src\main\AndroidManifest.xml:183:13-47
activity#com.example.kenbro.Finance.HistPay
ADDED from src\main\AndroidManifest.xml:190:9-197:20
	android:parentActivityName
		ADDED from src\main\AndroidManifest.xml:193:13-57
	android:exported
		ADDED from src\main\AndroidManifest.xml:192:13-37
	android:name
		ADDED from src\main\AndroidManifest.xml:191:13-44
activity#com.example.kenbro.Finance.ServicePay
ADDED from src\main\AndroidManifest.xml:198:9-205:20
	android:parentActivityName
		ADDED from src\main\AndroidManifest.xml:201:13-59
	android:exported
		ADDED from src\main\AndroidManifest.xml:200:13-37
	android:name
		ADDED from src\main\AndroidManifest.xml:199:13-47
activity#com.example.kenbro.Finance.PaySup
ADDED from src\main\AndroidManifest.xml:206:9-213:20
	android:parentActivityName
		ADDED from src\main\AndroidManifest.xml:209:13-59
	android:exported
		ADDED from src\main\AndroidManifest.xml:208:13-37
	android:name
		ADDED from src\main\AndroidManifest.xml:207:13-43
activity#com.example.kenbro.Supplier.SupPAy
ADDED from src\main\AndroidManifest.xml:214:9-221:20
	android:parentActivityName
		ADDED from src\main\AndroidManifest.xml:217:13-59
	android:exported
		ADDED from src\main\AndroidManifest.xml:216:13-37
	android:name
		ADDED from src\main\AndroidManifest.xml:215:13-44
activity#com.example.kenbro.Driver.DriveHistory
ADDED from src\main\AndroidManifest.xml:222:9-229:20
	android:parentActivityName
		ADDED from src\main\AndroidManifest.xml:225:13-60
	android:exported
		ADDED from src\main\AndroidManifest.xml:224:13-37
	android:name
		ADDED from src\main\AndroidManifest.xml:223:13-48
activity#com.example.kenbro.Customer.ServiceNew
ADDED from src\main\AndroidManifest.xml:230:9-237:20
	android:parentActivityName
		ADDED from src\main\AndroidManifest.xml:233:13-60
	android:exported
		ADDED from src\main\AndroidManifest.xml:232:13-37
	android:name
		ADDED from src\main\AndroidManifest.xml:231:13-48
activity#com.example.kenbro.Dispa.OldShip
ADDED from src\main\AndroidManifest.xml:238:9-245:20
	android:parentActivityName
		ADDED from src\main\AndroidManifest.xml:241:13-57
	android:exported
		ADDED from src\main\AndroidManifest.xml:240:13-37
	android:name
		ADDED from src\main\AndroidManifest.xml:239:13-42
activity#com.example.kenbro.Dispa.ShipNew
ADDED from src\main\AndroidManifest.xml:246:9-253:20
	android:parentActivityName
		ADDED from src\main\AndroidManifest.xml:249:13-57
	android:exported
		ADDED from src\main\AndroidManifest.xml:248:13-37
	android:name
		ADDED from src\main\AndroidManifest.xml:247:13-42
activity#com.example.kenbro.Customer.OrderHist
ADDED from src\main\AndroidManifest.xml:254:9-261:20
	android:parentActivityName
		ADDED from src\main\AndroidManifest.xml:257:13-60
	android:exported
		ADDED from src\main\AndroidManifest.xml:256:13-37
	android:name
		ADDED from src\main\AndroidManifest.xml:255:13-47
activity#com.example.kenbro.Customer.Reports
ADDED from src\main\AndroidManifest.xml:262:9-269:20
	android:parentActivityName
		ADDED from src\main\AndroidManifest.xml:265:13-60
	android:exported
		ADDED from src\main\AndroidManifest.xml:264:13-37
	android:name
		ADDED from src\main\AndroidManifest.xml:263:13-45
activity#com.example.kenbro.Customer.Services
ADDED from src\main\AndroidManifest.xml:270:9-277:20
	android:parentActivityName
		ADDED from src\main\AndroidManifest.xml:273:13-62
	android:exported
		ADDED from src\main\AndroidManifest.xml:272:13-37
	android:name
		ADDED from src\main\AndroidManifest.xml:271:13-46
activity#com.example.kenbro.Finance.RejectP
ADDED from src\main\AndroidManifest.xml:278:9-285:20
	android:parentActivityName
		ADDED from src\main\AndroidManifest.xml:281:13-59
	android:exported
		ADDED from src\main\AndroidManifest.xml:280:13-37
	android:name
		ADDED from src\main\AndroidManifest.xml:279:13-44
activity#com.example.kenbro.Finance.ApprovP
ADDED from src\main\AndroidManifest.xml:286:9-293:20
	android:parentActivityName
		ADDED from src\main\AndroidManifest.xml:289:13-59
	android:exported
		ADDED from src\main\AndroidManifest.xml:288:13-37
	android:name
		ADDED from src\main\AndroidManifest.xml:287:13-44
activity#com.example.kenbro.Finance.FinaPend
ADDED from src\main\AndroidManifest.xml:294:9-301:20
	android:parentActivityName
		ADDED from src\main\AndroidManifest.xml:297:13-59
	android:exported
		ADDED from src\main\AndroidManifest.xml:296:13-37
	android:name
		ADDED from src\main\AndroidManifest.xml:295:13-45
activity#com.example.kenbro.Invent.ManageBid
ADDED from src\main\AndroidManifest.xml:302:9-307:52
	android:screenOrientation
		ADDED from src\main\AndroidManifest.xml:307:13-49
	android:parentActivityName
		ADDED from src\main\AndroidManifest.xml:306:13-60
	android:exported
		ADDED from src\main\AndroidManifest.xml:305:13-37
	android:configChanges
		ADDED from src\main\AndroidManifest.xml:304:13-48
	android:name
		ADDED from src\main\AndroidManifest.xml:303:13-45
activity#com.example.kenbro.Supplier.SupHist
ADDED from src\main\AndroidManifest.xml:308:9-313:52
	android:screenOrientation
		ADDED from src\main\AndroidManifest.xml:313:13-49
	android:parentActivityName
		ADDED from src\main\AndroidManifest.xml:312:13-59
	android:exported
		ADDED from src\main\AndroidManifest.xml:311:13-37
	android:configChanges
		ADDED from src\main\AndroidManifest.xml:310:13-48
	android:name
		ADDED from src\main\AndroidManifest.xml:309:13-45
activity#com.example.kenbro.Invent.Suppliers
ADDED from src\main\AndroidManifest.xml:314:9-319:52
	android:screenOrientation
		ADDED from src\main\AndroidManifest.xml:319:13-49
	android:parentActivityName
		ADDED from src\main\AndroidManifest.xml:318:13-60
	android:exported
		ADDED from src\main\AndroidManifest.xml:317:13-37
	android:configChanges
		ADDED from src\main\AndroidManifest.xml:316:13-48
	android:name
		ADDED from src\main\AndroidManifest.xml:315:13-45
activity#com.example.kenbro.Invent.Messag
ADDED from src\main\AndroidManifest.xml:320:9-325:52
	android:screenOrientation
		ADDED from src\main\AndroidManifest.xml:325:13-49
	android:parentActivityName
		ADDED from src\main\AndroidManifest.xml:324:13-60
	android:exported
		ADDED from src\main\AndroidManifest.xml:323:13-37
	android:configChanges
		ADDED from src\main\AndroidManifest.xml:322:13-48
	android:name
		ADDED from src\main\AndroidManifest.xml:321:13-42
activity#com.example.kenbro.Customer.Messages
ADDED from src\main\AndroidManifest.xml:326:9-331:52
	android:screenOrientation
		ADDED from src\main\AndroidManifest.xml:331:13-49
	android:parentActivityName
		ADDED from src\main\AndroidManifest.xml:330:13-60
	android:exported
		ADDED from src\main\AndroidManifest.xml:329:13-37
	android:configChanges
		ADDED from src\main\AndroidManifest.xml:328:13-48
	android:name
		ADDED from src\main\AndroidManifest.xml:327:13-46
activity#com.example.kenbro.Customer.Cart
ADDED from src\main\AndroidManifest.xml:332:9-337:52
	android:screenOrientation
		ADDED from src\main\AndroidManifest.xml:337:13-49
	android:parentActivityName
		ADDED from src\main\AndroidManifest.xml:336:13-60
	android:exported
		ADDED from src\main\AndroidManifest.xml:335:13-37
	android:configChanges
		ADDED from src\main\AndroidManifest.xml:334:13-48
	android:name
		ADDED from src\main\AndroidManifest.xml:333:13-42
activity#com.example.kenbro.Customer.Classification
ADDED from src\main\AndroidManifest.xml:338:9-343:52
	android:screenOrientation
		ADDED from src\main\AndroidManifest.xml:343:13-49
	android:parentActivityName
		ADDED from src\main\AndroidManifest.xml:342:13-60
	android:exported
		ADDED from src\main\AndroidManifest.xml:341:13-37
	android:configChanges
		ADDED from src\main\AndroidManifest.xml:340:13-48
	android:name
		ADDED from src\main\AndroidManifest.xml:339:13-52
activity#com.example.kenbro.Invent.ViewProd
ADDED from src\main\AndroidManifest.xml:344:9-349:52
	android:screenOrientation
		ADDED from src\main\AndroidManifest.xml:349:13-49
	android:parentActivityName
		ADDED from src\main\AndroidManifest.xml:348:13-60
	android:exported
		ADDED from src\main\AndroidManifest.xml:347:13-37
	android:configChanges
		ADDED from src\main\AndroidManifest.xml:346:13-48
	android:name
		ADDED from src\main\AndroidManifest.xml:345:13-44
activity#com.example.kenbro.Supplier.SupDash
ADDED from src\main\AndroidManifest.xml:350:9-355:52
	android:screenOrientation
		ADDED from src\main\AndroidManifest.xml:355:13-49
	android:parentActivityName
		ADDED from src\main\AndroidManifest.xml:354:13-55
	android:exported
		ADDED from src\main\AndroidManifest.xml:353:13-37
	android:configChanges
		ADDED from src\main\AndroidManifest.xml:352:13-48
	android:name
		ADDED from src\main\AndroidManifest.xml:351:13-45
activity#com.example.kenbro.Supplier.SuppReset
ADDED from src\main\AndroidManifest.xml:356:9-359:62
	android:parentActivityName
		ADDED from src\main\AndroidManifest.xml:359:13-59
	android:exported
		ADDED from src\main\AndroidManifest.xml:358:13-37
	android:name
		ADDED from src\main\AndroidManifest.xml:357:13-47
activity#com.example.kenbro.Supplier.SuppReg
ADDED from src\main\AndroidManifest.xml:360:9-363:62
	android:parentActivityName
		ADDED from src\main\AndroidManifest.xml:363:13-59
	android:exported
		ADDED from src\main\AndroidManifest.xml:362:13-37
	android:name
		ADDED from src\main\AndroidManifest.xml:361:13-45
activity#com.example.kenbro.Supplier.SuppLog
ADDED from src\main\AndroidManifest.xml:364:9-367:58
	android:parentActivityName
		ADDED from src\main\AndroidManifest.xml:367:13-55
	android:exported
		ADDED from src\main\AndroidManifest.xml:366:13-37
	android:name
		ADDED from src\main\AndroidManifest.xml:365:13-45
activity#com.example.kenbro.Invent.InventReset
ADDED from src\main\AndroidManifest.xml:368:9-371:62
	android:parentActivityName
		ADDED from src\main\AndroidManifest.xml:371:13-59
	android:exported
		ADDED from src\main\AndroidManifest.xml:370:13-37
	android:name
		ADDED from src\main\AndroidManifest.xml:369:13-47
activity#com.example.kenbro.Invent.InventDash
ADDED from src\main\AndroidManifest.xml:372:9-375:58
	android:parentActivityName
		ADDED from src\main\AndroidManifest.xml:375:13-55
	android:exported
		ADDED from src\main\AndroidManifest.xml:374:13-37
	android:name
		ADDED from src\main\AndroidManifest.xml:373:13-46
activity#com.example.kenbro.Invent.InventReg
ADDED from src\main\AndroidManifest.xml:376:9-379:62
	android:parentActivityName
		ADDED from src\main\AndroidManifest.xml:379:13-59
	android:exported
		ADDED from src\main\AndroidManifest.xml:378:13-37
	android:name
		ADDED from src\main\AndroidManifest.xml:377:13-45
activity#com.example.kenbro.Invent.InventLog
ADDED from src\main\AndroidManifest.xml:380:9-383:58
	android:parentActivityName
		ADDED from src\main\AndroidManifest.xml:383:13-55
	android:exported
		ADDED from src\main\AndroidManifest.xml:382:13-37
	android:name
		ADDED from src\main\AndroidManifest.xml:381:13-45
activity#com.example.kenbro.Install.InstallDash
ADDED from src\main\AndroidManifest.xml:384:9-387:58
	android:parentActivityName
		ADDED from src\main\AndroidManifest.xml:387:13-55
	android:exported
		ADDED from src\main\AndroidManifest.xml:386:13-37
	android:name
		ADDED from src\main\AndroidManifest.xml:385:13-48
activity#com.example.kenbro.Install.InstallReset
ADDED from src\main\AndroidManifest.xml:388:9-391:64
	android:parentActivityName
		ADDED from src\main\AndroidManifest.xml:391:13-61
	android:exported
		ADDED from src\main\AndroidManifest.xml:390:13-37
	android:name
		ADDED from src\main\AndroidManifest.xml:389:13-49
activity#com.example.kenbro.Install.InstallReg
ADDED from src\main\AndroidManifest.xml:392:9-395:64
	android:parentActivityName
		ADDED from src\main\AndroidManifest.xml:395:13-61
	android:exported
		ADDED from src\main\AndroidManifest.xml:394:13-37
	android:name
		ADDED from src\main\AndroidManifest.xml:393:13-47
activity#com.example.kenbro.Install.InstallLog
ADDED from src\main\AndroidManifest.xml:396:9-399:58
	android:parentActivityName
		ADDED from src\main\AndroidManifest.xml:399:13-55
	android:exported
		ADDED from src\main\AndroidManifest.xml:398:13-37
	android:name
		ADDED from src\main\AndroidManifest.xml:397:13-47
activity#com.example.kenbro.Finance.FinaReset
ADDED from src\main\AndroidManifest.xml:400:9-403:61
	android:parentActivityName
		ADDED from src\main\AndroidManifest.xml:403:13-58
	android:exported
		ADDED from src\main\AndroidManifest.xml:402:13-37
	android:name
		ADDED from src\main\AndroidManifest.xml:401:13-46
activity#com.example.kenbro.Finance.FinaReg
ADDED from src\main\AndroidManifest.xml:404:9-407:61
	android:parentActivityName
		ADDED from src\main\AndroidManifest.xml:407:13-58
	android:exported
		ADDED from src\main\AndroidManifest.xml:406:13-37
	android:name
		ADDED from src\main\AndroidManifest.xml:405:13-44
activity#com.example.kenbro.Finance.FinaDash
ADDED from src\main\AndroidManifest.xml:408:9-411:58
	android:parentActivityName
		ADDED from src\main\AndroidManifest.xml:411:13-55
	android:exported
		ADDED from src\main\AndroidManifest.xml:410:13-37
	android:name
		ADDED from src\main\AndroidManifest.xml:409:13-45
activity#com.example.kenbro.Finance.Finalog
ADDED from src\main\AndroidManifest.xml:412:9-415:58
	android:parentActivityName
		ADDED from src\main\AndroidManifest.xml:415:13-55
	android:exported
		ADDED from src\main\AndroidManifest.xml:414:13-37
	android:name
		ADDED from src\main\AndroidManifest.xml:413:13-44
activity#com.example.kenbro.Driver.DriverReset
ADDED from src\main\AndroidManifest.xml:416:9-419:62
	android:parentActivityName
		ADDED from src\main\AndroidManifest.xml:419:13-59
	android:exported
		ADDED from src\main\AndroidManifest.xml:418:13-37
	android:name
		ADDED from src\main\AndroidManifest.xml:417:13-47
activity#com.example.kenbro.Driver.DriverReg
ADDED from src\main\AndroidManifest.xml:420:9-423:62
	android:parentActivityName
		ADDED from src\main\AndroidManifest.xml:423:13-59
	android:exported
		ADDED from src\main\AndroidManifest.xml:422:13-37
	android:name
		ADDED from src\main\AndroidManifest.xml:421:13-45
activity#com.example.kenbro.Driver.DriverLog
ADDED from src\main\AndroidManifest.xml:424:9-427:58
	android:parentActivityName
		ADDED from src\main\AndroidManifest.xml:427:13-55
	android:exported
		ADDED from src\main\AndroidManifest.xml:426:13-37
	android:name
		ADDED from src\main\AndroidManifest.xml:425:13-45
activity#com.example.kenbro.Driver.DriverDash
ADDED from src\main\AndroidManifest.xml:428:9-431:58
	android:parentActivityName
		ADDED from src\main\AndroidManifest.xml:431:13-55
	android:exported
		ADDED from src\main\AndroidManifest.xml:430:13-37
	android:name